c:\users\lenovo\documents\notmyshit\proiect-augusta-lab10\debug\vc142.pdb
c:\users\lenovo\documents\notmyshit\proiect-augusta-lab10\debug\vc142.idb
c:\users\lenovo\documents\notmyshit\proiect-augusta-lab10\debug\user.obj
c:\users\lenovo\documents\notmyshit\proiect-augusta-lab10\debug\movie.obj
c:\users\lenovo\documents\notmyshit\proiect-augusta-lab10\debug\artist.obj
c:\users\lenovo\documents\notmyshit\proiect-augusta-lab10\debug\ui.obj
c:\users\lenovo\documents\notmyshit\proiect-augusta-lab10\debug\service.obj
c:\users\lenovo\documents\notmyshit\proiect-augusta-lab10\debug\repofiletxt.obj
c:\users\lenovo\documents\notmyshit\proiect-augusta-lab10\debug\repofilecsv.obj
c:\users\lenovo\documents\notmyshit\proiect-augusta-lab10\debug\repo.obj
c:\users\lenovo\documents\notmyshit\proiect-augusta-lab10\debug\proiect-augusta-lab10.obj
c:\users\lenovo\desktop\proiect-augusta-lab10\debug\vc142.pdb
c:\users\lenovo\desktop\proiect-augusta-lab10\debug\vc142.idb
c:\users\lenovo\desktop\proiect-augusta-lab10\debug\user.obj
c:\users\lenovo\desktop\proiect-augusta-lab10\debug\ui.obj
c:\users\lenovo\desktop\proiect-augusta-lab10\debug\service.obj
c:\users\lenovo\desktop\proiect-augusta-lab10\debug\repofiletxt.obj
c:\users\lenovo\desktop\proiect-augusta-lab10\debug\repofilecsv.obj
c:\users\lenovo\desktop\proiect-augusta-lab10\debug\repo.obj
c:\users\lenovo\desktop\proiect-augusta-lab10\debug\proiect-augusta-lab10.obj
c:\users\lenovo\desktop\proiect-augusta-lab10\debug\movie.obj
c:\users\lenovo\desktop\proiect-augusta-lab10\debug\artist.obj
c:\users\lenovo\desktop\proiect-augusta-lab10\debug\validationexception.obj
c:\users\lenovo\desktop\proiect-augusta-lab10\debug\validationartist.obj
c:\users\lenovo\desktop\proiect-augusta-lab10\debug\myexception.obj
c:\users\lenovo\documents\notmyshit\proiect-augusta-lab10\debug\proiect-augusta-lab10.exe
c:\users\lenovo\documents\notmyshit\proiect-augusta-lab10\debug\proiect-augusta-lab10.ilk
c:\users\lenovo\documents\notmyshit\proiect-augusta-lab10\debug\proiect-augusta-lab10.pdb
c:\users\lenovo\desktop\proiect-augusta-lab10\debug\proiect-augusta-lab10.ilk
c:\users\lenovo\desktop\proiect-augusta-lab10\debug\proiect-augusta-lab10.pdb
c:\users\lenovo\desktop\proiect-augusta-lab10\debug\proiect-augusta-lab10.exe
c:\users\lenovo\desktop\proiect-augusta-lab10\debug\proiect-.6acbe4ef.tlog\cl.command.1.tlog
c:\users\lenovo\desktop\proiect-augusta-lab10\debug\proiect-.6acbe4ef.tlog\cl.read.1.tlog
c:\users\lenovo\desktop\proiect-augusta-lab10\debug\proiect-.6acbe4ef.tlog\cl.write.1.tlog
c:\users\lenovo\desktop\proiect-augusta-lab10\debug\proiect-.6acbe4ef.tlog\link.command.1.tlog
c:\users\lenovo\desktop\proiect-augusta-lab10\debug\proiect-.6acbe4ef.tlog\link.read.1.tlog
c:\users\lenovo\desktop\proiect-augusta-lab10\debug\proiect-.6acbe4ef.tlog\link.write.1.tlog
